

Microchip MPLAB XC8 Assembler V2.46 build 20240104201356 
                                                                                               Tue Feb 10 09:48:20 2026

Microchip MPLAB XC8 C Compiler v2.46 (Free license) build 20240104201356 Og1 
     1                           	processor	16F1936
     2                           	pagewidth 120
     3                           	opt	flic
     4                           	psect	idataBANK0,global,class=CODE,delta=2,noexec
     5                           	psect	idataBANK1,global,class=CODE,delta=2,noexec
     6                           	psect	cinit,global,class=CODE,merge=1,delta=2
     7                           	psect	bssBANK0,global,class=BANK0,space=1,delta=1,noexec
     8                           	psect	dataBANK0,global,class=BANK0,space=1,delta=1,noexec
     9                           	psect	dataBANK1,global,class=BANK1,space=1,delta=1,noexec
    10                           	psect	inittext,global,class=CODE,delta=2
    11                           	psect	clrtext,global,class=CODE,delta=2
    12                           	psect	cstackCOMMON,global,class=COMMON,space=1,delta=1,noexec
    13                           	psect	maintext,global,class=CODE,merge=1,split=1,delta=2
    14                           	psect	text1,local,class=CODE,merge=1,delta=2
    15                           	psect	text2,local,class=CODE,merge=1,delta=2
    16                           	psect	text3,local,class=CODE,merge=1,delta=2
    17                           	psect	text4,local,class=CODE,merge=1,delta=2
    18                           	psect	config,global,abs,ovrld,class=CONFIG,space=4,delta=2,noexec
    19                           	dabs	1,0x7E,2
    20     0000                     
    21                           ; Version 2.20
    22                           ; Generated 12/02/2020 GMT
    23                           ; 
    24                           ; Copyright © 2020, Microchip Technology Inc. and its subsidiaries ("Microchip")
    25                           ; All rights reserved.
    26                           ; 
    27                           ; This software is developed by Microchip Technology Inc. and its subsidiaries ("Microch
      +                          ip").
    28                           ; 
    29                           ; Redistribution and use in source and binary forms, with or without modification, are
    30                           ; permitted provided that the following conditions are met:
    31                           ; 
    32                           ;     1. Redistributions of source code must retain the above copyright notice, this lis
      +                          t of
    33                           ;        conditions and the following disclaimer.
    34                           ; 
    35                           ;     2. Redistributions in binary form must reproduce the above copyright notice, this 
      +                          list
    36                           ;        of conditions and the following disclaimer in the documentation and/or other
    37                           ;        materials provided with the distribution.
    38                           ; 
    39                           ;     3. Microchip's name may not be used to endorse or promote products derived from th
      +                          is
    40                           ;        software without specific prior written permission.
    41                           ; 
    42                           ; THIS SOFTWARE IS PROVIDED BY MICROCHIP "AS IS" AND ANY EXPRESS OR IMPLIED WARRANTIES,
    43                           ; INCLUDING, BUT NOT LIMITED TO, THE IMPLIED WARRANTIES OF MERCHANTABILITY AND FITNESS F
      +                          OR
    44                           ; PURPOSE ARE DISCLAIMED.  IN NO EVENT SHALL MICROCHIP BE LIABLE FOR ANY DIRECT, INDIREC
      +                          T,
    45                           ; INCIDENTAL, SPECIAL, EXEMPLARY, OR CONSEQUENTIAL DAMAGES (INCLUDING BUT NOT LIMITED TO
    46                           ; PROCUREMENT OF SUBSTITUTE GOODS OR SERVICES; LOSS OF USE, DATA OR PROFITS; OR BUSINESS
    47                           ; INTERRUPTION) HOWSOEVER CAUSED AND ON ANY THEORY OF LIABILITY, WHETHER IN CONTRACT, ST
      +                          RICT
    48                           ; LIABILITY, OR TORT (INCLUDING NEGLIGENCE OR OTHERWISE) ARISING IN ANY WAY OUT OF THE U
      +                          SE OF
    49                           ; THIS SOFTWARE, EVEN IF ADVISED OF THE POSSIBILITY OF SUCH DAMAGE.
    50                           ; 
    51                           ; 
    52                           ; Code-generator required, PIC16F1936 Definitions
    53                           ; 
    54                           ; SFR Addresses
    55     0000                     	;# 
    56     0001                     	;# 
    57     0002                     	;# 
    58     0003                     	;# 
    59     0004                     	;# 
    60     0005                     	;# 
    61     0006                     	;# 
    62     0007                     	;# 
    63     0008                     	;# 
    64     0009                     	;# 
    65     000A                     	;# 
    66     000B                     	;# 
    67     000C                     	;# 
    68     000D                     	;# 
    69     000E                     	;# 
    70     0010                     	;# 
    71     0011                     	;# 
    72     0012                     	;# 
    73     0013                     	;# 
    74     0015                     	;# 
    75     0016                     	;# 
    76     0016                     	;# 
    77     0017                     	;# 
    78     0018                     	;# 
    79     0019                     	;# 
    80     001A                     	;# 
    81     001B                     	;# 
    82     001C                     	;# 
    83     001E                     	;# 
    84     001F                     	;# 
    85     008C                     	;# 
    86     008D                     	;# 
    87     008E                     	;# 
    88     0090                     	;# 
    89     0091                     	;# 
    90     0092                     	;# 
    91     0093                     	;# 
    92     0095                     	;# 
    93     0096                     	;# 
    94     0097                     	;# 
    95     0098                     	;# 
    96     0099                     	;# 
    97     009A                     	;# 
    98     009B                     	;# 
    99     009B                     	;# 
   100     009C                     	;# 
   101     009D                     	;# 
   102     009E                     	;# 
   103     010C                     	;# 
   104     010D                     	;# 
   105     010E                     	;# 
   106     0110                     	;# 
   107     0111                     	;# 
   108     0112                     	;# 
   109     0113                     	;# 
   110     0114                     	;# 
   111     0115                     	;# 
   112     0116                     	;# 
   113     0117                     	;# 
   114     0118                     	;# 
   115     0119                     	;# 
   116     011A                     	;# 
   117     011B                     	;# 
   118     011D                     	;# 
   119     018C                     	;# 
   120     018D                     	;# 
   121     0191                     	;# 
   122     0191                     	;# 
   123     0192                     	;# 
   124     0193                     	;# 
   125     0193                     	;# 
   126     0193                     	;# 
   127     0194                     	;# 
   128     0195                     	;# 
   129     0196                     	;# 
   130     0199                     	;# 
   131     019A                     	;# 
   132     019B                     	;# 
   133     019B                     	;# 
   134     019B                     	;# 
   135     019B                     	;# 
   136     019C                     	;# 
   137     019C                     	;# 
   138     019D                     	;# 
   139     019E                     	;# 
   140     019F                     	;# 
   141     020D                     	;# 
   142     0210                     	;# 
   143     0211                     	;# 
   144     0212                     	;# 
   145     0213                     	;# 
   146     0214                     	;# 
   147     0215                     	;# 
   148     0215                     	;# 
   149     0216                     	;# 
   150     0217                     	;# 
   151     0291                     	;# 
   152     0291                     	;# 
   153     0292                     	;# 
   154     0293                     	;# 
   155     0294                     	;# 
   156     0295                     	;# 
   157     0295                     	;# 
   158     0296                     	;# 
   159     0298                     	;# 
   160     0298                     	;# 
   161     0299                     	;# 
   162     029A                     	;# 
   163     029B                     	;# 
   164     029C                     	;# 
   165     029C                     	;# 
   166     029D                     	;# 
   167     029E                     	;# 
   168     029F                     	;# 
   169     0311                     	;# 
   170     0311                     	;# 
   171     0312                     	;# 
   172     0313                     	;# 
   173     0314                     	;# 
   174     0315                     	;# 
   175     0315                     	;# 
   176     0316                     	;# 
   177     0318                     	;# 
   178     0318                     	;# 
   179     0319                     	;# 
   180     031A                     	;# 
   181     031C                     	;# 
   182     031C                     	;# 
   183     031D                     	;# 
   184     031E                     	;# 
   185     0394                     	;# 
   186     0395                     	;# 
   187     0396                     	;# 
   188     0415                     	;# 
   189     0416                     	;# 
   190     0417                     	;# 
   191     041C                     	;# 
   192     041D                     	;# 
   193     041E                     	;# 
   194     0791                     	;# 
   195     0792                     	;# 
   196     0793                     	;# 
   197     0794                     	;# 
   198     0795                     	;# 
   199     0798                     	;# 
   200     0799                     	;# 
   201     07A0                     	;# 
   202     07A1                     	;# 
   203     07A3                     	;# 
   204     07A4                     	;# 
   205     07A6                     	;# 
   206     07A7                     	;# 
   207     07A9                     	;# 
   208     07AA                     	;# 
   209     0FE4                     	;# 
   210     0FE5                     	;# 
   211     0FE6                     	;# 
   212     0FE7                     	;# 
   213     0FE8                     	;# 
   214     0FE9                     	;# 
   215     0FEA                     	;# 
   216     0FEB                     	;# 
   217     0FED                     	;# 
   218     0FEE                     	;# 
   219     0FEF                     	;# 
   220     0000                     	;# 
   221     0001                     	;# 
   222     0002                     	;# 
   223     0003                     	;# 
   224     0004                     	;# 
   225     0005                     	;# 
   226     0006                     	;# 
   227     0007                     	;# 
   228     0008                     	;# 
   229     0009                     	;# 
   230     000A                     	;# 
   231     000B                     	;# 
   232     000C                     	;# 
   233     000D                     	;# 
   234     000E                     	;# 
   235     0010                     	;# 
   236     0011                     	;# 
   237     0012                     	;# 
   238     0013                     	;# 
   239     0015                     	;# 
   240     0016                     	;# 
   241     0016                     	;# 
   242     0017                     	;# 
   243     0018                     	;# 
   244     0019                     	;# 
   245     001A                     	;# 
   246     001B                     	;# 
   247     001C                     	;# 
   248     001E                     	;# 
   249     001F                     	;# 
   250     008C                     	;# 
   251     008D                     	;# 
   252     008E                     	;# 
   253     0090                     	;# 
   254     0091                     	;# 
   255     0092                     	;# 
   256     0093                     	;# 
   257     0095                     	;# 
   258     0096                     	;# 
   259     0097                     	;# 
   260     0098                     	;# 
   261     0099                     	;# 
   262     009A                     	;# 
   263     009B                     	;# 
   264     009B                     	;# 
   265     009C                     	;# 
   266     009D                     	;# 
   267     009E                     	;# 
   268     010C                     	;# 
   269     010D                     	;# 
   270     010E                     	;# 
   271     0110                     	;# 
   272     0111                     	;# 
   273     0112                     	;# 
   274     0113                     	;# 
   275     0114                     	;# 
   276     0115                     	;# 
   277     0116                     	;# 
   278     0117                     	;# 
   279     0118                     	;# 
   280     0119                     	;# 
   281     011A                     	;# 
   282     011B                     	;# 
   283     011D                     	;# 
   284     018C                     	;# 
   285     018D                     	;# 
   286     0191                     	;# 
   287     0191                     	;# 
   288     0192                     	;# 
   289     0193                     	;# 
   290     0193                     	;# 
   291     0193                     	;# 
   292     0194                     	;# 
   293     0195                     	;# 
   294     0196                     	;# 
   295     0199                     	;# 
   296     019A                     	;# 
   297     019B                     	;# 
   298     019B                     	;# 
   299     019B                     	;# 
   300     019B                     	;# 
   301     019C                     	;# 
   302     019C                     	;# 
   303     019D                     	;# 
   304     019E                     	;# 
   305     019F                     	;# 
   306     020D                     	;# 
   307     0210                     	;# 
   308     0211                     	;# 
   309     0212                     	;# 
   310     0213                     	;# 
   311     0214                     	;# 
   312     0215                     	;# 
   313     0215                     	;# 
   314     0216                     	;# 
   315     0217                     	;# 
   316     0291                     	;# 
   317     0291                     	;# 
   318     0292                     	;# 
   319     0293                     	;# 
   320     0294                     	;# 
   321     0295                     	;# 
   322     0295                     	;# 
   323     0296                     	;# 
   324     0298                     	;# 
   325     0298                     	;# 
   326     0299                     	;# 
   327     029A                     	;# 
   328     029B                     	;# 
   329     029C                     	;# 
   330     029C                     	;# 
   331     029D                     	;# 
   332     029E                     	;# 
   333     029F                     	;# 
   334     0311                     	;# 
   335     0311                     	;# 
   336     0312                     	;# 
   337     0313                     	;# 
   338     0314                     	;# 
   339     0315                     	;# 
   340     0315                     	;# 
   341     0316                     	;# 
   342     0318                     	;# 
   343     0318                     	;# 
   344     0319                     	;# 
   345     031A                     	;# 
   346     031C                     	;# 
   347     031C                     	;# 
   348     031D                     	;# 
   349     031E                     	;# 
   350     0394                     	;# 
   351     0395                     	;# 
   352     0396                     	;# 
   353     0415                     	;# 
   354     0416                     	;# 
   355     0417                     	;# 
   356     041C                     	;# 
   357     041D                     	;# 
   358     041E                     	;# 
   359     0791                     	;# 
   360     0792                     	;# 
   361     0793                     	;# 
   362     0794                     	;# 
   363     0795                     	;# 
   364     0798                     	;# 
   365     0799                     	;# 
   366     07A0                     	;# 
   367     07A1                     	;# 
   368     07A3                     	;# 
   369     07A4                     	;# 
   370     07A6                     	;# 
   371     07A7                     	;# 
   372     07A9                     	;# 
   373     07AA                     	;# 
   374     0FE4                     	;# 
   375     0FE5                     	;# 
   376     0FE6                     	;# 
   377     0FE7                     	;# 
   378     0FE8                     	;# 
   379     0FE9                     	;# 
   380     0FEA                     	;# 
   381     0FEB                     	;# 
   382     0FED                     	;# 
   383     0FEE                     	;# 
   384     0FEF                     	;# 
   385                           
   386                           	psect	idataBANK0
   387     0622                     __pidataBANK0:
   388                           
   389                           ;initializer for _data48
   390     0622  3402               	retlw	2
   391     0623  3400               	retlw	0
   392     0624  3400               	retlw	0
   393     0625  34B4               	retlw	180
   394                           
   395                           	psect	idataBANK1
   396     0678                     __pidataBANK1:
   397                           
   398                           ;initializer for _CS
   399     0678  344C               	retlw	76
   400     0679  349F               	retlw	159
   401     067A  34ED               	retlw	237
   402     067B  343E               	retlw	62
   403     067C  3466               	retlw	102
   404     067D  34B5               	retlw	181
   405     067E  34C7               	retlw	199
   406     067F  3414               	retlw	20
   407     0680  3459               	retlw	89
   408     0681  348A               	retlw	138
   409     0682  34F8               	retlw	248
   410     0683  342B               	retlw	43
   411     0684  3473               	retlw	115
   412     0685  34A0               	retlw	160
   413     0686  34D2               	retlw	210
   414     0687  3401               	retlw	1
   415     0688  348E               	retlw	142
   416     0689  345D               	retlw	93
   417     068A  342F               	retlw	47
   418     068B  34FC               	retlw	252
   419     068C  34A4               	retlw	164
   420     068D  3477               	retlw	119
   421     068E  3405               	retlw	5
   422     068F  34D6               	retlw	214
   423     0690  349B               	retlw	155
   424     0691  3448               	retlw	72
   425     0692  343A               	retlw	58
   426     0693  34E9               	retlw	233
   427     0694  34B1               	retlw	177
   428     0695  3462               	retlw	98
   429     0696  3410               	retlw	16
   430     0697  34C3               	retlw	195
   431     0698  342D               	retlw	45
   432     0699  34FE               	retlw	254
   433     069A  348C               	retlw	140
   434     069B  345F               	retlw	95
   435     069C  3407               	retlw	7
   436     069D  34D4               	retlw	212
   437     069E  34A6               	retlw	166
   438     069F  3475               	retlw	117
   439     06A0  3438               	retlw	56
   440     06A1  34EB               	retlw	235
   441     06A2  3499               	retlw	153
   442     06A3  344A               	retlw	74
   443     06A4  3412               	retlw	18
   444     06A5  34C1               	retlw	193
   445     06A6  34B3               	retlw	179
   446     06A7  3460               	retlw	96
   447     06A8  34EF               	retlw	239
   448     06A9  343C               	retlw	60
   449     06AA  344E               	retlw	78
   450     06AB  349D               	retlw	157
   451     06AC  34C5               	retlw	197
   452     06AD  3416               	retlw	22
   453     06AE  3464               	retlw	100
   454     06AF  34B7               	retlw	183
   455     06B0  34FA               	retlw	250
   456     06B1  3429               	retlw	41
   457     06B2  345B               	retlw	91
   458     06B3  3488               	retlw	136
   459     06B4  34D0               	retlw	208
   460     06B5  3403               	retlw	3
   461     06B6  3471               	retlw	113
   462     06B7  34A2               	retlw	162
   463     000E                     _PORTCbits	set	14
   464     000D                     _PORTBbits	set	13
   465     000C                     _PORTAbits	set	12
   466     001B                     _PR2	set	27
   467     0010                     _PORTE	set	16
   468     000E                     _PORTC	set	14
   469     000D                     _PORTB	set	13
   470     000C                     _PORTA	set	12
   471     00E0                     _T2CKPS0	set	224
   472     00E1                     _T2CKPS1	set	225
   473     00E2                     _TMR2ON	set	226
   474     0089                     _TMR2IF	set	137
   475     0090                     _TRISE	set	144
   476     008E                     _TRISC	set	142
   477     008D                     _TRISB	set	141
   478     008C                     _TRISA	set	140
   479     0098                     _OSCTUNE	set	152
   480     0099                     _OSCCON	set	153
   481     0110                     _LATE	set	272
   482     010E                     _LATC	set	270
   483     010C                     _LATA	set	268
   484     010D                     _LATB	set	269
   485     08EE                     _CCP3SEL	set	2286
   486     018D                     _ANSELB	set	397
   487     018C                     _ANSELA	set	396
   488     0313                     _CCP3CON	set	787
   489     0311                     _CCPR3L	set	785
   490                           
   491                           	psect	cinit
   492     07DD                     start_initialization:	
   493                           ; #config settings
   494                           
   495     07DD                     __initialization:
   496                           
   497                           ; Initialize objects allocated to BANK0
   498     07DD  3022               	movlw	low __pidataBANK0
   499     07DE  0084               	movwf	4
   500     07DF  3086               	movlw	(high __pidataBANK0)| (0+128)
   501     07E0  0085               	movwf	5
   502     07E1  303B               	movlw	low __pdataBANK0
   503     07E2  0086               	movwf	6
   504     07E3  3000               	movlw	high __pdataBANK0
   505     07E4  0087               	movwf	7
   506     07E5  3004               	movlw	4
   507     07E6  3186  262C  3187   	fcall	init_ram
   508                           
   509                           ; Initialize objects allocated to BANK1
   510     07E9  3078               	movlw	low __pidataBANK1
   511     07EA  0084               	movwf	4
   512     07EB  3086               	movlw	(high __pidataBANK1)| (0+128)
   513     07EC  0085               	movwf	5
   514     07ED  30A0               	movlw	low __pdataBANK1
   515     07EE  0086               	movwf	6
   516     07EF  3000               	movlw	high __pdataBANK1
   517     07F0  0087               	movwf	7
   518     07F1  3040               	movlw	64
   519     07F2  3186  262C  3187   	fcall	init_ram
   520                           
   521                           ; Clear objects allocated to BANK0
   522     07F5  3020               	movlw	low __pbssBANK0
   523     07F6  0084               	movwf	4
   524     07F7  3000               	movlw	high __pbssBANK0
   525     07F8  0085               	movwf	5
   526     07F9  301B               	movlw	27
   527     07FA  3186  2626  3187   	fcall	clear_ram0
   528     07FD                     end_of_initialization:	
   529                           ;End of C runtime variable initialization code
   530                           
   531     07FD                     __end_of__initialization:
   532     07FD  0020               	movlb	0
   533     07FE  3187  2F03         	ljmp	_main	;jump to C main() function
   534                           
   535                           	psect	bssBANK0
   536     0020                     __pbssBANK0:
   537     0020                     _tx_Data:
   538     0020                     	ds	11
   539     002B                     PWM@F2777:
   540     002B                     	ds	8
   541     0033                     _b:
   542     0033                     	ds	1
   543     0034                     _a:
   544     0034                     	ds	1
   545     0035                     _flamp_left:
   546     0035                     	ds	1
   547     0036                     _fException2:
   548     0036                     	ds	1
   549     0037                     _fException:
   550     0037                     	ds	1
   551     0038                     _csFlag:
   552     0038                     	ds	1
   553     0039                     _D3:
   554     0039                     	ds	1
   555     003A                     _D2:
   556     003A                     	ds	1
   557                           
   558                           	psect	dataBANK0
   559     003B                     __pdataBANK0:
   560     003B                     _data48:
   561     003B                     	ds	4
   562                           
   563                           	psect	dataBANK1
   564     00A0                     __pdataBANK1:
   565     00A0                     _CS:
   566     00A0                     	ds	64
   567                           
   568                           	psect	inittext
   569     062C                     init_ram:
   570     062C  00FE               	movwf	btemp
   571     062D                     initloop:
   572     062D  0012               	moviw fsr0++
   573     062E  001E               	movwi fsr1++
   574     062F  0BFE               	decfsz	btemp,f
   575     0630  2E2D               	goto	initloop
   576     0631  3400               	retlw	0
   577                           
   578                           	psect	clrtext
   579     0626                     clear_ram0:	
   580                           ;	Called with FSR0 containing the base address, and
   581                           ;	WREG with the size to clear
   582                           
   583     0626  0064               	clrwdt	;clear the watchdog before getting into this loop
   584     0627                     clrloop0:
   585     0627  0180               	clrf	0	;clear RAM location pointed to by FSR
   586     0628  3101               	addfsr 0,1
   587     0629  0B89               	decfsz	9,f	;Have we reached the end of clearing yet?
   588     062A  2E27               	goto	clrloop0	;have we reached the end yet?
   589     062B  3400               	retlw	0	;all done for this memory range, return
   590                           
   591                           	psect	cstackCOMMON
   592     0070                     __pcstackCOMMON:
   593     0070                     ?_wait_for_pwm_cycle_complete:
   594     0070                     ??_wait_for_pwm_cycle_complete:	
   595                           ; 1 bytes @ 0x0
   596                           
   597     0070                     ?_PWM:	
   598                           ; 1 bytes @ 0x0
   599                           
   600     0070                     ??_PWM:	
   601                           ; 1 bytes @ 0x0
   602                           
   603     0070                     ?_Hardware_Init:	
   604                           ; 1 bytes @ 0x0
   605                           
   606     0070                     ??_Hardware_Init:	
   607                           ; 1 bytes @ 0x0
   608                           
   609     0070                     ?_Check_Input:	
   610                           ; 1 bytes @ 0x0
   611                           
   612     0070                     ??_Check_Input:	
   613                           ; 1 bytes @ 0x0
   614                           
   615     0070                     ?_main:	
   616                           ; 1 bytes @ 0x0
   617                           
   618                           
   619                           ; 2 bytes @ 0x0
   620     0070                     	ds	1
   621     0071                     PWM@Dbit:
   622                           
   623                           ; 8 bytes @ 0x1
   624     0071                     	ds	8
   625     0079                     PWM@i_204:
   626                           
   627                           ; 1 bytes @ 0x9
   628     0079                     	ds	1
   629     007A                     PWM@i:
   630                           
   631                           ; 1 bytes @ 0xA
   632     007A                     	ds	1
   633     007B                     PWM@num:
   634                           
   635                           ; 1 bytes @ 0xB
   636     007B                     	ds	1
   637     007C                     ??_main:
   638                           
   639                           ; 1 bytes @ 0xC
   640     007C                     	ds	1
   641     007D                     main@i:
   642                           
   643                           ; 1 bytes @ 0xD
   644     007D                     	ds	1
   645                           
   646                           	psect	maintext
   647     0703                     __pmaintext:	
   648 ;;
   649 ;;Main: autosize = 0, tempsize = 1, incstack = 0, save=0
   650 ;;
   651 ;; *************** function _main *****************
   652 ;; Defined at:
   653 ;;		line 551 in file "main.c"
   654 ;; Parameters:    Size  Location     Type
   655 ;;		None
   656 ;; Auto vars:     Size  Location     Type
   657 ;;  i               1   13[COMMON] unsigned char 
   658 ;; Return value:  Size  Location     Type
   659 ;;                  2  123[None  ] int 
   660 ;; Registers used:
   661 ;;		wreg, fsr1l, fsr1h, status,2, status,0, pclath, cstack
   662 ;; Tracked objects:
   663 ;;		On entry : B1F/0
   664 ;;		On exit  : 0/0
   665 ;;		Unchanged: 0/0
   666 ;; Data sizes:     COMMON   BANK0   BANK1   BANK2   BANK3   BANK4   BANK5   BANK6
   667 ;;      Params:         0       0       0       0       0       0       0       0
   668 ;;      Locals:         1       0       0       0       0       0       0       0
   669 ;;      Temps:          1       0       0       0       0       0       0       0
   670 ;;      Totals:         2       0       0       0       0       0       0       0
   671 ;;Total ram usage:        2 bytes
   672 ;; Hardware stack levels required when called: 2
   673 ;; This function calls:
   674 ;;		_Check_Input
   675 ;;		_Hardware_Init
   676 ;;		_PWM
   677 ;; This function is called by:
   678 ;;		Startup code after reset
   679 ;; This function uses a non-reentrant model
   680 ;;
   681                           
   682     0703                     _main:	
   683                           ;psect for function _main
   684                           
   685     0703                     l1046:	
   686                           ;incstack = 0
   687                           ; Regs used in _main: [wreg+fsr1l+fsr1h+status,2+status,0+pclath+cstack]
   688                           
   689                           
   690                           ;main.c: 552:   Hardware_Init();
   691     0703  3186  2639  3187   	fcall	_Hardware_Init
   692     0706                     l1048:
   693                           
   694                           ;main.c: 557:   tx_Data[0] = 0xC8;
   695     0706  30C8               	movlw	200
   696     0707  0020               	movlb	0	; select bank0
   697     0708  00A0               	movwf	_tx_Data
   698     0709                     l1050:
   699                           
   700                           ;main.c: 558:   tx_Data[1] = 0x8B;
   701     0709  308B               	movlw	139
   702     070A  00A1               	movwf	_tx_Data+1
   703     070B                     l1052:
   704                           
   705                           ;main.c: 559:   tx_Data[2] = 0x00;
   706     070B  01A2               	clrf	_tx_Data+2
   707     070C                     l1054:
   708                           
   709                           ;main.c: 561:   tx_Data[3] = 0x00;
   710     070C  01A3               	clrf	_tx_Data+3
   711     070D                     l1056:
   712                           
   713                           ;main.c: 563:   tx_Data[4] = 0x00;
   714     070D  01A4               	clrf	_tx_Data+4
   715     070E                     l1058:
   716                           
   717                           ;main.c: 564:   tx_Data[5] = 0x00;
   718     070E  01A5               	clrf	_tx_Data+5
   719     070F                     l1060:
   720                           
   721                           ;main.c: 565:   tx_Data[6] = 0x00;
   722     070F  01A6               	clrf	_tx_Data+6
   723     0710                     l1062:
   724                           
   725                           ;main.c: 566:   tx_Data[7] = 0x00;
   726     0710  01A7               	clrf	_tx_Data+7
   727     0711                     l1064:
   728                           
   729                           ;main.c: 567:   tx_Data[8] = 0x00;
   730     0711  01A8               	clrf	_tx_Data+8
   731     0712                     l1066:
   732                           
   733                           ;main.c: 568:   tx_Data[9] = 0x00;
   734     0712  01A9               	clrf	_tx_Data+9
   735     0713                     l1068:
   736                           
   737                           ;main.c: 569:   tx_Data[10] = 0x04C;
   738     0713  304C               	movlw	76
   739     0714  00AA               	movwf	_tx_Data+10
   740     0715                     l1070:
   741                           
   742                           ;main.c: 572:     Check_Input();
   743     0715  3186  26B8  3187   	fcall	_Check_Input
   744                           
   745                           ;main.c: 574:     tx_Data[2] = D2.Byte;
   746     0718  0020               	movlb	0	; select bank0
   747     0719  083A               	movf	_D2,w
   748     071A  00A2               	movwf	_tx_Data+2
   749                           
   750                           ;main.c: 575:     tx_Data[3] = D3.Byte;
   751     071B  0839               	movf	_D3,w
   752     071C  00A3               	movwf	_tx_Data+3
   753     071D                     l1072:
   754                           
   755                           ;main.c: 594:     if (fException == 1) {
   756     071D  0337               	decf	_fException,w
   757     071E  1D03               	btfss	3,2
   758     071F  2F21               	goto	u381
   759     0720  2F22               	goto	u380
   760     0721                     u381:
   761     0721  2F25               	goto	l1076
   762     0722                     u380:
   763     0722                     l1074:
   764                           
   765                           ;main.c: 595:       tx_Data[10] = 0xD5;
   766     0722  30D5               	movlw	213
   767     0723  00AA               	movwf	_tx_Data+10
   768                           
   769                           ;main.c: 596:     } else {
   770     0724  2F2B               	goto	l1078
   771     0725                     l1076:
   772                           
   773                           ;main.c: 597:       tx_Data[10] = CS[csFlag.Byte];
   774     0725  0838               	movf	_csFlag,w
   775     0726  3EA0               	addlw	(low (_CS| 0))& (0+255)
   776     0727  0086               	movwf	6
   777     0728  0187               	clrf	7
   778     0729  0801               	movf	1,w
   779     072A  00AA               	movwf	_tx_Data+10
   780     072B                     l1078:
   781                           
   782                           ;main.c: 600:     if (fException2 == 1) {
   783     072B  0336               	decf	_fException2,w
   784     072C  1D03               	btfss	3,2
   785     072D  2F2F               	goto	u391
   786     072E  2F30               	goto	u390
   787     072F                     u391:
   788     072F  2F32               	goto	l1082
   789     0730                     u390:
   790     0730                     l1080:
   791                           
   792                           ;main.c: 601:       tx_Data[10] = 0xB4;
   793     0730  30B4               	movlw	180
   794     0731  00AA               	movwf	_tx_Data+10
   795     0732                     l1082:
   796                           
   797                           ;main.c: 650:     for (uint8_t i = 0; i < 11; i++) {
   798     0732  01FD               	clrf	main@i
   799     0733                     l1088:
   800                           
   801                           ;main.c: 651:       PWM(tx_Data[i]);
   802     0733  087D               	movf	main@i,w
   803     0734  3E20               	addlw	(low (_tx_Data| 0))& (0+255)
   804     0735  0086               	movwf	6
   805     0736  0187               	clrf	7
   806     0737  0801               	movf	1,w
   807     0738  3187  2753  3187   	fcall	_PWM
   808     073B                     l1090:
   809                           
   810                           ;main.c: 652:     }
   811     073B  3001               	movlw	1
   812     073C  00FC               	movwf	??_main
   813     073D  087C               	movf	??_main,w
   814     073E  07FD               	addwf	main@i,f
   815     073F                     l1092:
   816     073F  300B               	movlw	11
   817     0740  027D               	subwf	main@i,w
   818     0741  1C03               	skipc
   819     0742  2F44               	goto	u401
   820     0743  2F45               	goto	u400
   821     0744                     u401:
   822     0744  2F33               	goto	l1088
   823     0745                     u400:
   824     0745                     l1094:
   825                           
   826                           ;main.c: 653:     CCPR3L = 30;
   827     0745  301E               	movlw	30
   828     0746  0026               	movlb	6	; select bank6
   829     0747  0091               	movwf	17	;volatile
   830                           
   831                           ;main.c: 654:     _delay((unsigned long)((20)*(32000000/4000.0)));
   832     0748  30D0               	movlw	208
   833     0749  00FC               	movwf	??_main
   834     074A  30CA               	movlw	202
   835     074B                     u417:
   836     074B  0B89               	decfsz	9,f
   837     074C  2F4B               	goto	u417
   838     074D  0BFC               	decfsz	??_main,f
   839     074E  2F4B               	goto	u417
   840     074F                     l1096:
   841                           
   842                           ;main.c: 657:     __nop();
   843     074F  0000               	nop
   844     0750  2F15               	goto	l1070
   845     0751  3180  2802         	ljmp	start
   846     0753                     __end_of_main:
   847                           
   848                           	psect	text1
   849     0753                     __ptext1:	
   850 ;; *************** function _PWM *****************
   851 ;; Defined at:
   852 ;;		line 396 in file "main.c"
   853 ;; Parameters:    Size  Location     Type
   854 ;;  num             1    wreg     unsigned char 
   855 ;; Auto vars:     Size  Location     Type
   856 ;;  num             1   11[COMMON] unsigned char 
   857 ;;  i               1    9[COMMON] unsigned char 
   858 ;;  i               1   10[COMMON] unsigned char 
   859 ;;  Dbit            8    1[COMMON] unsigned char [8]
   860 ;; Return value:  Size  Location     Type
   861 ;;                  1    wreg      void 
   862 ;; Registers used:
   863 ;;		wreg, fsr1l, fsr1h, status,2, status,0, pclath, cstack
   864 ;; Tracked objects:
   865 ;;		On entry : 0/0
   866 ;;		On exit  : 0/0
   867 ;;		Unchanged: 0/0
   868 ;; Data sizes:     COMMON   BANK0   BANK1   BANK2   BANK3   BANK4   BANK5   BANK6
   869 ;;      Params:         0       0       0       0       0       0       0       0
   870 ;;      Locals:        11       0       0       0       0       0       0       0
   871 ;;      Temps:          1       0       0       0       0       0       0       0
   872 ;;      Totals:        12       0       0       0       0       0       0       0
   873 ;;Total ram usage:       12 bytes
   874 ;; Hardware stack levels used: 1
   875 ;; Hardware stack levels required when called: 1
   876 ;; This function calls:
   877 ;;		_wait_for_pwm_cycle_complete
   878 ;; This function is called by:
   879 ;;		_main
   880 ;; This function uses a non-reentrant model
   881 ;;
   882                           
   883     0753                     _PWM:	
   884                           ;psect for function _PWM
   885                           
   886                           
   887                           ;incstack = 0
   888                           ; Regs used in _PWM: [wreg+fsr1l+fsr1h+status,2+status,0+pclath+cstack]
   889                           ;PWM@num stored from wreg
   890     0753  00FB               	movwf	PWM@num
   891     0754                     l922:
   892                           
   893                           ;main.c: 397:   unsigned char Dbit[8] = {0};
   894     0754  3071               	movlw	low PWM@Dbit
   895     0755  0086               	movwf	6
   896     0756  3000               	movlw	high PWM@Dbit
   897     0757  0087               	movwf	7
   898     0758  3008               	movlw	8
   899     0759  00F0               	movwf	??_PWM
   900     075A  3000               	movlw	0
   901     075B                     u220:
   902     075B  001E               	movwi fsr1++
   903     075C  0BF0               	decfsz	??_PWM,f
   904     075D  2F5B               	goto	u220
   905     075E                     l924:
   906                           
   907                           ;main.c: 398:   Dbit[0] = (num >> 0) & 0x01;
   908     075E  087B               	movf	PWM@num,w
   909     075F  3901               	andlw	1
   910     0760  00F1               	movwf	PWM@Dbit
   911     0761                     l926:
   912                           
   913                           ;main.c: 399:   Dbit[1] = (num >> 1) & 0x01;
   914     0761  367B               	lsrf	PWM@num,w
   915     0762  3901               	andlw	1
   916     0763  00F2               	movwf	PWM@Dbit+1
   917     0764                     l928:
   918                           
   919                           ;main.c: 400:   Dbit[2] = (num >> 2) & 0x01;
   920     0764  087B               	movf	PWM@num,w
   921     0765  00F0               	movwf	??_PWM
   922     0766  3002               	movlw	2
   923     0767                     u235:
   924     0767  36F0               	lsrf	??_PWM,f
   925     0768  0B89               	decfsz	9,f
   926     0769  2F67               	goto	u235
   927     076A  0870               	movf	??_PWM,w
   928     076B  3901               	andlw	1
   929     076C  00F3               	movwf	PWM@Dbit+2
   930     076D                     l930:
   931                           
   932                           ;main.c: 401:   Dbit[3] = (num >> 3) & 0x01;
   933     076D  087B               	movf	PWM@num,w
   934     076E  00F0               	movwf	??_PWM
   935     076F  3003               	movlw	3
   936     0770                     u245:
   937     0770  36F0               	lsrf	??_PWM,f
   938     0771  0B89               	decfsz	9,f
   939     0772  2F70               	goto	u245
   940     0773  0870               	movf	??_PWM,w
   941     0774  3901               	andlw	1
   942     0775  00F4               	movwf	PWM@Dbit+3
   943     0776                     l932:
   944                           
   945                           ;main.c: 402:   Dbit[4] = (num >> 4) & 0x01;
   946     0776  087B               	movf	PWM@num,w
   947     0777  00F0               	movwf	??_PWM
   948     0778  3004               	movlw	4
   949     0779                     u255:
   950     0779  36F0               	lsrf	??_PWM,f
   951     077A  0B89               	decfsz	9,f
   952     077B  2F79               	goto	u255
   953     077C  0870               	movf	??_PWM,w
   954     077D  3901               	andlw	1
   955     077E  00F5               	movwf	PWM@Dbit+4
   956     077F                     l934:
   957                           
   958                           ;main.c: 403:   Dbit[5] = (num >> 5) & 0x01;
   959     077F  087B               	movf	PWM@num,w
   960     0780  00F0               	movwf	??_PWM
   961     0781  3005               	movlw	5
   962     0782                     u265:
   963     0782  36F0               	lsrf	??_PWM,f
   964     0783  0B89               	decfsz	9,f
   965     0784  2F82               	goto	u265
   966     0785  0870               	movf	??_PWM,w
   967     0786  3901               	andlw	1
   968     0787  00F6               	movwf	PWM@Dbit+5
   969     0788                     l936:
   970                           
   971                           ;main.c: 404:   Dbit[6] = (num >> 6) & 0x01;
   972     0788  087B               	movf	PWM@num,w
   973     0789  00F0               	movwf	??_PWM
   974     078A  3006               	movlw	6
   975     078B                     u275:
   976     078B  36F0               	lsrf	??_PWM,f
   977     078C  0B89               	decfsz	9,f
   978     078D  2F8B               	goto	u275
   979     078E  0870               	movf	??_PWM,w
   980     078F  3901               	andlw	1
   981     0790  00F7               	movwf	PWM@Dbit+6
   982     0791                     l938:
   983                           
   984                           ;main.c: 405:   Dbit[7] = (num >> 7) & 0x01;
   985     0791  087B               	movf	PWM@num,w
   986     0792  00F0               	movwf	??_PWM
   987     0793  3007               	movlw	7
   988     0794                     u285:
   989     0794  36F0               	lsrf	??_PWM,f
   990     0795  0B89               	decfsz	9,f
   991     0796  2F94               	goto	u285
   992     0797  0870               	movf	??_PWM,w
   993     0798  3901               	andlw	1
   994     0799  00F8               	movwf	PWM@Dbit+7
   995     079A                     l940:
   996                           
   997                           ;main.c: 406:   wait_for_pwm_cycle_complete();
   998     079A  3186  2632  3187   	fcall	_wait_for_pwm_cycle_complete
   999     079D                     l942:
  1000                           
  1001                           ;main.c: 407:   CCPR3L = 55;
  1002     079D  3037               	movlw	55
  1003     079E  0026               	movlb	6	; select bank6
  1004     079F  0091               	movwf	17	;volatile
  1005     07A0                     l944:
  1006                           
  1007                           ;main.c: 409:   for (uint8_t i = 0; i < 8; i++) {
  1008     07A0  01FA               	clrf	PWM@i
  1009     07A1                     l950:
  1010                           
  1011                           ;main.c: 410:     if (Dbit[i] == 1) {
  1012     07A1  087A               	movf	PWM@i,w
  1013     07A2  3E71               	addlw	(low (PWM@Dbit| 0))& (0+255)
  1014     07A3  0086               	movwf	6
  1015     07A4  0187               	clrf	7
  1016     07A5  0301               	decf	1,w
  1017     07A6  1D03               	btfss	3,2
  1018     07A7  2FA9               	goto	u291
  1019     07A8  2FAA               	goto	u290
  1020     07A9                     u291:
  1021     07A9  2FB1               	goto	l954
  1022     07AA                     u290:
  1023     07AA                     l952:
  1024                           
  1025                           ;main.c: 411:       Dbit[i] = 30;
  1026     07AA  087A               	movf	PWM@i,w
  1027     07AB  3E71               	addlw	(low (PWM@Dbit| 0))& (0+255)
  1028     07AC  0086               	movwf	6
  1029     07AD  0187               	clrf	7
  1030     07AE  301E               	movlw	30
  1031     07AF  0081               	movwf	1
  1032                           
  1033                           ;main.c: 412:     } else {
  1034     07B0  2FB7               	goto	l956
  1035     07B1                     l954:
  1036                           
  1037                           ;main.c: 413:       Dbit[i] = 55;
  1038     07B1  087A               	movf	PWM@i,w
  1039     07B2  3E71               	addlw	(low (PWM@Dbit| 0))& (0+255)
  1040     07B3  0086               	movwf	6
  1041     07B4  0187               	clrf	7
  1042     07B5  3037               	movlw	55
  1043     07B6  0081               	movwf	1
  1044     07B7                     l956:
  1045                           
  1046                           ;main.c: 415:     wait_for_pwm_cycle_complete();
  1047     07B7  3186  2632  3187   	fcall	_wait_for_pwm_cycle_complete
  1048     07BA                     l958:
  1049                           
  1050                           ;main.c: 416:     CCPR3L = Dbit[i];
  1051     07BA  087A               	movf	PWM@i,w
  1052     07BB  3E71               	addlw	(low (PWM@Dbit| 0))& (0+255)
  1053     07BC  0086               	movwf	6
  1054     07BD  0187               	clrf	7
  1055     07BE  0801               	movf	1,w
  1056     07BF  0026               	movlb	6	; select bank6
  1057     07C0  0091               	movwf	17	;volatile
  1058     07C1                     l960:
  1059                           
  1060                           ;main.c: 417:   }
  1061     07C1  3001               	movlw	1
  1062     07C2  00F0               	movwf	??_PWM
  1063     07C3  0870               	movf	??_PWM,w
  1064     07C4  07FA               	addwf	PWM@i,f
  1065     07C5                     l962:
  1066     07C5  3008               	movlw	8
  1067     07C6  027A               	subwf	PWM@i,w
  1068     07C7  1C03               	skipc
  1069     07C8  2FCA               	goto	u301
  1070     07C9  2FCB               	goto	u300
  1071     07CA                     u301:
  1072     07CA  2FA1               	goto	l950
  1073     07CB                     u300:
  1074     07CB                     l964:
  1075                           
  1076                           ;main.c: 419:   for (uint8_t i = 0; i < 8; i++) {
  1077     07CB  01F9               	clrf	PWM@i_204
  1078     07CC                     l970:
  1079                           
  1080                           ;main.c: 420:     wait_for_pwm_cycle_complete();
  1081     07CC  3186  2632  3187   	fcall	_wait_for_pwm_cycle_complete
  1082     07CF                     l972:
  1083                           
  1084                           ;main.c: 421:     CCPR3L = 30;
  1085     07CF  301E               	movlw	30
  1086     07D0  0026               	movlb	6	; select bank6
  1087     07D1  0091               	movwf	17	;volatile
  1088     07D2                     l974:
  1089                           
  1090                           ;main.c: 422:   }
  1091     07D2  3001               	movlw	1
  1092     07D3  00F0               	movwf	??_PWM
  1093     07D4  0870               	movf	??_PWM,w
  1094     07D5  07F9               	addwf	PWM@i_204,f
  1095     07D6                     l976:
  1096     07D6  3008               	movlw	8
  1097     07D7  0279               	subwf	PWM@i_204,w
  1098     07D8  1C03               	skipc
  1099     07D9  2FDB               	goto	u311
  1100     07DA  2FDC               	goto	u310
  1101     07DB                     u311:
  1102     07DB  2FCC               	goto	l970
  1103     07DC                     u310:
  1104     07DC                     l101:
  1105     07DC  0008               	return
  1106     07DD                     __end_of_PWM:
  1107                           
  1108                           	psect	text2
  1109     0632                     __ptext2:	
  1110 ;; *************** function _wait_for_pwm_cycle_complete *****************
  1111 ;; Defined at:
  1112 ;;		line 387 in file "main.c"
  1113 ;; Parameters:    Size  Location     Type
  1114 ;;		None
  1115 ;; Auto vars:     Size  Location     Type
  1116 ;;		None
  1117 ;; Return value:  Size  Location     Type
  1118 ;;                  1    wreg      void 
  1119 ;; Registers used:
  1120 ;;		None
  1121 ;; Tracked objects:
  1122 ;;		On entry : 0/0
  1123 ;;		On exit  : 0/0
  1124 ;;		Unchanged: 0/0
  1125 ;; Data sizes:     COMMON   BANK0   BANK1   BANK2   BANK3   BANK4   BANK5   BANK6
  1126 ;;      Params:         0       0       0       0       0       0       0       0
  1127 ;;      Locals:         0       0       0       0       0       0       0       0
  1128 ;;      Temps:          0       0       0       0       0       0       0       0
  1129 ;;      Totals:         0       0       0       0       0       0       0       0
  1130 ;;Total ram usage:        0 bytes
  1131 ;; Hardware stack levels used: 1
  1132 ;; This function calls:
  1133 ;;		Nothing
  1134 ;; This function is called by:
  1135 ;;		_PWM
  1136 ;; This function uses a non-reentrant model
  1137 ;;
  1138                           
  1139     0632                     _wait_for_pwm_cycle_complete:	
  1140                           ;psect for function _wait_for_pwm_cycle_complete
  1141                           
  1142     0632                     l86:	
  1143                           ;incstack = 0
  1144                           ; Regs used in _wait_for_pwm_cycle_complete: []
  1145                           ;main.c: 388:   while (1) {
  1146                           
  1147                           
  1148                           ;main.c: 389:     if (TMR2IF) {
  1149     0632  0020               	movlb	0	; select bank0
  1150     0633  1C91               	btfss	17,1	;volatile
  1151     0634  2E36               	goto	u211
  1152     0635  2E37               	goto	u210
  1153     0636                     u211:
  1154     0636  2E32               	goto	l86
  1155     0637                     u210:
  1156     0637                     l920:
  1157                           
  1158                           ;main.c: 390:       TMR2IF = 0;
  1159     0637  1091               	bcf	17,1	;volatile
  1160     0638                     l90:	
  1161                           ;main.c: 391:       break;
  1162                           
  1163     0638  0008               	return
  1164     0639                     __end_of_wait_for_pwm_cycle_complete:
  1165                           
  1166                           	psect	text3
  1167     0639                     __ptext3:	
  1168 ;; *************** function _Hardware_Init *****************
  1169 ;; Defined at:
  1170 ;;		line 425 in file "main.c"
  1171 ;; Parameters:    Size  Location     Type
  1172 ;;		None
  1173 ;; Auto vars:     Size  Location     Type
  1174 ;;		None
  1175 ;; Return value:  Size  Location     Type
  1176 ;;                  1    wreg      void 
  1177 ;; Registers used:
  1178 ;;		wreg, status,2
  1179 ;; Tracked objects:
  1180 ;;		On entry : 0/0
  1181 ;;		On exit  : 0/0
  1182 ;;		Unchanged: 0/0
  1183 ;; Data sizes:     COMMON   BANK0   BANK1   BANK2   BANK3   BANK4   BANK5   BANK6
  1184 ;;      Params:         0       0       0       0       0       0       0       0
  1185 ;;      Locals:         0       0       0       0       0       0       0       0
  1186 ;;      Temps:          2       0       0       0       0       0       0       0
  1187 ;;      Totals:         2       0       0       0       0       0       0       0
  1188 ;;Total ram usage:        2 bytes
  1189 ;; Hardware stack levels used: 1
  1190 ;; This function calls:
  1191 ;;		Nothing
  1192 ;; This function is called by:
  1193 ;;		_main
  1194 ;; This function uses a non-reentrant model
  1195 ;;
  1196                           
  1197     0639                     _Hardware_Init:	
  1198                           ;psect for function _Hardware_Init
  1199                           
  1200     0639                     l978:	
  1201                           ;incstack = 0
  1202                           ; Regs used in _Hardware_Init: [wreg+status,2]
  1203                           
  1204                           
  1205                           ;main.c: 426:   OSCCON = 0b11110000;
  1206     0639  30F0               	movlw	240
  1207     063A  0021               	movlb	1	; select bank1
  1208     063B  0099               	movwf	25	;volatile
  1209                           
  1210                           ;main.c: 428:   OSCTUNE = 0b00111111;
  1211     063C  303F               	movlw	63
  1212     063D  0098               	movwf	24	;volatile
  1213     063E                     l980:
  1214                           
  1215                           ;main.c: 429:   ANSELA = 0b00000000;
  1216     063E  0023               	movlb	3	; select bank3
  1217     063F  018C               	clrf	12	;volatile
  1218     0640                     l982:
  1219                           
  1220                           ;main.c: 430:   PORTA = 0;
  1221     0640  0020               	movlb	0	; select bank0
  1222     0641  018C               	clrf	12	;volatile
  1223                           
  1224                           ;main.c: 431:   TRISA = 0b00011111;
  1225     0642  301F               	movlw	31
  1226     0643  0021               	movlb	1	; select bank1
  1227     0644  008C               	movwf	12	;volatile
  1228     0645                     l984:
  1229                           
  1230                           ;main.c: 432:   LATA = 0b00000000;
  1231     0645  0022               	movlb	2	; select bank2
  1232     0646  018C               	clrf	12	;volatile
  1233     0647                     l986:
  1234                           
  1235                           ;main.c: 433:   ANSELB = 0b00000000;
  1236     0647  0023               	movlb	3	; select bank3
  1237     0648  018D               	clrf	13	;volatile
  1238     0649                     l988:
  1239                           
  1240                           ;main.c: 434:   PORTB = 0;
  1241     0649  0020               	movlb	0	; select bank0
  1242     064A  018D               	clrf	13	;volatile
  1243     064B                     l990:
  1244                           
  1245                           ;main.c: 435:   TRISB = 0b00000000;
  1246     064B  0021               	movlb	1	; select bank1
  1247     064C  018D               	clrf	13	;volatile
  1248     064D                     l992:
  1249                           
  1250                           ;main.c: 436:   LATB = 0b00000000;
  1251     064D  0022               	movlb	2	; select bank2
  1252     064E  018D               	clrf	13	;volatile
  1253     064F                     l994:
  1254                           
  1255                           ;main.c: 437:   PORTC = 0;
  1256     064F  0020               	movlb	0	; select bank0
  1257     0650  018E               	clrf	14	;volatile
  1258                           
  1259                           ;main.c: 438:   TRISC = 0b10001010;
  1260     0651  308A               	movlw	138
  1261     0652  0021               	movlb	1	; select bank1
  1262     0653  008E               	movwf	14	;volatile
  1263     0654                     l996:
  1264                           
  1265                           ;main.c: 439:   LATC = 0b00000000;
  1266     0654  0022               	movlb	2	; select bank2
  1267     0655  018E               	clrf	14	;volatile
  1268     0656                     l998:
  1269                           
  1270                           ;main.c: 440:   PORTE = 0;
  1271     0656  0020               	movlb	0	; select bank0
  1272     0657  0190               	clrf	16	;volatile
  1273     0658                     l1000:
  1274                           
  1275                           ;main.c: 441:   TRISE = 0b00000000;
  1276     0658  0021               	movlb	1	; select bank1
  1277     0659  0190               	clrf	16	;volatile
  1278     065A                     l1002:
  1279                           
  1280                           ;main.c: 442:   LATE = 0b00000000;
  1281     065A  0022               	movlb	2	; select bank2
  1282     065B  0190               	clrf	16	;volatile
  1283                           
  1284                           ;main.c: 443:   _delay((unsigned long)((100)*(32000000/4000.0)));
  1285     065C  3005               	movlw	5
  1286     065D  00F1               	movwf	??_Hardware_Init+1
  1287     065E  300F               	movlw	15
  1288     065F  00F0               	movwf	??_Hardware_Init
  1289     0660  30F1               	movlw	241
  1290     0661                     u427:
  1291     0661  0B89               	decfsz	9,f
  1292     0662  2E61               	goto	u427
  1293     0663  0BF0               	decfsz	??_Hardware_Init,f
  1294     0664  2E61               	goto	u427
  1295     0665  0BF1               	decfsz	??_Hardware_Init+1,f
  1296     0666  2E61               	goto	u427
  1297     0667  0000               	nop
  1298                           
  1299                           ;main.c: 444:   CCP3CON = 0b00001100;
  1300     0668  300C               	movlw	12
  1301     0669  0026               	movlb	6	; select bank6
  1302     066A  0093               	movwf	19	;volatile
  1303     066B                     l1004:
  1304                           
  1305                           ;main.c: 445:   CCP3SEL = 0;
  1306     066B  0022               	movlb	2	; select bank2
  1307     066C  131D               	bcf	29,6	;volatile
  1308                           
  1309                           ;main.c: 446:   PR2 = 103;
  1310     066D  3067               	movlw	103
  1311     066E  0020               	movlb	0	; select bank0
  1312     066F  009B               	movwf	27	;volatile
  1313                           
  1314                           ;main.c: 447:   CCPR3L = 30;
  1315     0670  301E               	movlw	30
  1316     0671  0026               	movlb	6	; select bank6
  1317     0672  0091               	movwf	17	;volatile
  1318     0673                     l1006:
  1319                           
  1320                           ;main.c: 448:   TMR2ON = 1;
  1321     0673  0020               	movlb	0	; select bank0
  1322     0674  151C               	bsf	28,2	;volatile
  1323     0675                     l1008:
  1324                           
  1325                           ;main.c: 449:   T2CKPS1 = 0;
  1326     0675  109C               	bcf	28,1	;volatile
  1327     0676                     l1010:
  1328                           
  1329                           ;main.c: 450:   T2CKPS0 = 1;
  1330     0676  141C               	bsf	28,0	;volatile
  1331     0677                     l104:
  1332     0677  0008               	return
  1333     0678                     __end_of_Hardware_Init:
  1334                           
  1335                           	psect	text4
  1336     06B8                     __ptext4:	
  1337 ;; *************** function _Check_Input *****************
  1338 ;; Defined at:
  1339 ;;		line 453 in file "main.c"
  1340 ;; Parameters:    Size  Location     Type
  1341 ;;		None
  1342 ;; Auto vars:     Size  Location     Type
  1343 ;;		None
  1344 ;; Return value:  Size  Location     Type
  1345 ;;                  1    wreg      void 
  1346 ;; Registers used:
  1347 ;;		wreg, status,2
  1348 ;; Tracked objects:
  1349 ;;		On entry : 0/0
  1350 ;;		On exit  : 0/0
  1351 ;;		Unchanged: 0/0
  1352 ;; Data sizes:     COMMON   BANK0   BANK1   BANK2   BANK3   BANK4   BANK5   BANK6
  1353 ;;      Params:         0       0       0       0       0       0       0       0
  1354 ;;      Locals:         0       0       0       0       0       0       0       0
  1355 ;;      Temps:          0       0       0       0       0       0       0       0
  1356 ;;      Totals:         0       0       0       0       0       0       0       0
  1357 ;;Total ram usage:        0 bytes
  1358 ;; Hardware stack levels used: 1
  1359 ;; This function calls:
  1360 ;;		Nothing
  1361 ;; This function is called by:
  1362 ;;		_main
  1363 ;; This function uses a non-reentrant model
  1364 ;;
  1365                           
  1366     06B8                     _Check_Input:	
  1367                           ;psect for function _Check_Input
  1368                           
  1369     06B8                     l1012:	
  1370                           ;incstack = 0
  1371                           ; Regs used in _Check_Input: [wreg+status,2]
  1372                           
  1373                           
  1374                           ;main.c: 455:   D2.Byte = 0;
  1375     06B8  0020               	movlb	0	; select bank0
  1376     06B9  01BA               	clrf	_D2
  1377                           
  1378                           ;main.c: 456:   D3.Byte = 0;
  1379     06BA  01B9               	clrf	_D3
  1380                           
  1381                           ;main.c: 457:   csFlag.Byte = 0;
  1382     06BB  01B8               	clrf	_csFlag
  1383     06BC                     l1014:
  1384                           
  1385                           ;main.c: 460:   if (PORTAbits.RA0 == 0) {
  1386     06BC  180C               	btfsc	12,0	;volatile
  1387     06BD  2EBF               	goto	u321
  1388     06BE  2EC0               	goto	u320
  1389     06BF                     u321:
  1390     06BF  2EC4               	goto	l107
  1391     06C0                     u320:
  1392     06C0                     l1016:
  1393                           
  1394                           ;main.c: 461:     PORTBbits.RB5 = 1;
  1395     06C0  168D               	bsf	13,5	;volatile
  1396                           
  1397                           ;main.c: 462:     D2.RunLight = 1;
  1398     06C1  153A               	bsf	_D2,2
  1399                           
  1400                           ;main.c: 463:     csFlag.RunLight = 1;
  1401     06C2  16B8               	bsf	_csFlag,5
  1402                           
  1403                           ;main.c: 464:   } else {
  1404     06C3  2EC7               	goto	l108
  1405     06C4                     l107:
  1406                           
  1407                           ;main.c: 465:     PORTBbits.RB5 = 0;
  1408     06C4  128D               	bcf	13,5	;volatile
  1409                           
  1410                           ;main.c: 466:     D2.RunLight = 0;
  1411     06C5  113A               	bcf	_D2,2
  1412                           
  1413                           ;main.c: 467:     csFlag.RunLight = 0;
  1414     06C6  12B8               	bcf	_csFlag,5
  1415     06C7                     l108:	
  1416                           ;main.c: 468:   }
  1417                           
  1418                           
  1419                           ;main.c: 471:   if (PORTAbits.RA1 == 0) {
  1420     06C7  188C               	btfsc	12,1	;volatile
  1421     06C8  2ECA               	goto	u331
  1422     06C9  2ECB               	goto	u330
  1423     06CA                     u331:
  1424     06CA  2ECF               	goto	l109
  1425     06CB                     u330:
  1426     06CB                     l1018:
  1427                           
  1428                           ;main.c: 472:     PORTBbits.RB4 = 1;
  1429     06CB  160D               	bsf	13,4	;volatile
  1430                           
  1431                           ;main.c: 473:     D2.DRL = 1;
  1432     06CC  15BA               	bsf	_D2,3
  1433                           
  1434                           ;main.c: 474:     csFlag.DRL = 1;
  1435     06CD  1638               	bsf	_csFlag,4
  1436                           
  1437                           ;main.c: 475:   } else {
  1438     06CE  2ED2               	goto	l110
  1439     06CF                     l109:
  1440                           
  1441                           ;main.c: 476:     PORTBbits.RB4 = 0;
  1442     06CF  120D               	bcf	13,4	;volatile
  1443                           
  1444                           ;main.c: 477:     D2.DRL = 0;
  1445     06D0  11BA               	bcf	_D2,3
  1446                           
  1447                           ;main.c: 478:     csFlag.DRL = 0;
  1448     06D1  1238               	bcf	_csFlag,4
  1449     06D2                     l110:	
  1450                           ;main.c: 479:   }
  1451                           
  1452                           
  1453                           ;main.c: 482:   if (PORTAbits.RA2 == 0) {
  1454     06D2  190C               	btfsc	12,2	;volatile
  1455     06D3  2ED5               	goto	u341
  1456     06D4  2ED6               	goto	u340
  1457     06D5                     u341:
  1458     06D5  2EDA               	goto	l111
  1459     06D6                     u340:
  1460     06D6                     l1020:
  1461                           
  1462                           ;main.c: 483:     PORTBbits.RB3 = 1;
  1463     06D6  158D               	bsf	13,3	;volatile
  1464                           
  1465                           ;main.c: 484:     D2.LoBeam = 1;
  1466     06D7  163A               	bsf	_D2,4
  1467                           
  1468                           ;main.c: 485:     csFlag.LoBeam = 1;
  1469     06D8  15B8               	bsf	_csFlag,3
  1470                           
  1471                           ;main.c: 486:   } else {
  1472     06D9  2EDD               	goto	l112
  1473     06DA                     l111:
  1474                           
  1475                           ;main.c: 487:     PORTBbits.RB3 = 0;
  1476     06DA  118D               	bcf	13,3	;volatile
  1477                           
  1478                           ;main.c: 488:     D2.LoBeam = 0;
  1479     06DB  123A               	bcf	_D2,4
  1480                           
  1481                           ;main.c: 489:     csFlag.LoBeam = 0;
  1482     06DC  11B8               	bcf	_csFlag,3
  1483     06DD                     l112:	
  1484                           ;main.c: 490:   }
  1485                           
  1486                           
  1487                           ;main.c: 493:   if (PORTAbits.RA3 == 0) {
  1488     06DD  198C               	btfsc	12,3	;volatile
  1489     06DE  2EE0               	goto	u351
  1490     06DF  2EE1               	goto	u350
  1491     06E0                     u351:
  1492     06E0  2EE5               	goto	l113
  1493     06E1                     u350:
  1494     06E1                     l1022:
  1495                           
  1496                           ;main.c: 494:     PORTBbits.RB2 = 1;
  1497     06E1  150D               	bsf	13,2	;volatile
  1498                           
  1499                           ;main.c: 495:     D2.HiBeam = 1;
  1500     06E2  16BA               	bsf	_D2,5
  1501                           
  1502                           ;main.c: 496:     csFlag.HiBeam = 1;
  1503     06E3  1538               	bsf	_csFlag,2
  1504                           
  1505                           ;main.c: 497:   } else {
  1506     06E4  2EE8               	goto	l114
  1507     06E5                     l113:
  1508                           
  1509                           ;main.c: 498:     PORTBbits.RB2 = 0;
  1510     06E5  110D               	bcf	13,2	;volatile
  1511                           
  1512                           ;main.c: 499:     D2.HiBeam = 0;
  1513     06E6  12BA               	bcf	_D2,5
  1514                           
  1515                           ;main.c: 500:     csFlag.HiBeam = 0;
  1516     06E7  1138               	bcf	_csFlag,2
  1517     06E8                     l114:	
  1518                           ;main.c: 501:   }
  1519                           
  1520                           
  1521                           ;main.c: 527:   if (PORTAbits.RA4 == 0) {
  1522     06E8  1A0C               	btfsc	12,4	;volatile
  1523     06E9  2EEB               	goto	u361
  1524     06EA  2EEC               	goto	u360
  1525     06EB                     u361:
  1526     06EB  2EF3               	goto	l115
  1527     06EC                     u360:
  1528     06EC                     l1024:
  1529                           
  1530                           ;main.c: 528:     PORTBbits.RB1 = 1;
  1531     06EC  148D               	bsf	13,1	;volatile
  1532     06ED                     l1026:
  1533                           
  1534                           ;main.c: 529:     D2.Byte = 6;
  1535     06ED  3006               	movlw	6
  1536     06EE  00BA               	movwf	_D2
  1537     06EF                     l1028:
  1538                           
  1539                           ;main.c: 530:     D3.Byte = 0;
  1540     06EF  01B9               	clrf	_D3
  1541     06F0                     l1030:
  1542                           
  1543                           ;main.c: 531:     fException = 1;
  1544     06F0  01B7               	clrf	_fException
  1545     06F1  0AB7               	incf	_fException,f
  1546                           
  1547                           ;main.c: 532:   } else {
  1548     06F2  2EF5               	goto	l1034
  1549     06F3                     l115:
  1550                           
  1551                           ;main.c: 533:     PORTBbits.RB1 = 0;
  1552     06F3  108D               	bcf	13,1	;volatile
  1553     06F4                     l1032:
  1554                           
  1555                           ;main.c: 534:     fException = 0;
  1556     06F4  01B7               	clrf	_fException
  1557     06F5                     l1034:
  1558                           
  1559                           ;main.c: 538:   if (PORTCbits.RC3 == 0) {
  1560     06F5  198E               	btfsc	14,3	;volatile
  1561     06F6  2EF8               	goto	u371
  1562     06F7  2EF9               	goto	u370
  1563     06F8                     u371:
  1564     06F8  2F00               	goto	l117
  1565     06F9                     u370:
  1566     06F9                     l1036:
  1567                           
  1568                           ;main.c: 539:     PORTBbits.RB0 = 1;
  1569     06F9  140D               	bsf	13,0	;volatile
  1570     06FA                     l1038:
  1571                           
  1572                           ;main.c: 540:     D2.Byte = 2;
  1573     06FA  3002               	movlw	2
  1574     06FB  00BA               	movwf	_D2
  1575     06FC                     l1040:
  1576                           
  1577                           ;main.c: 541:     D3.Byte = 0;
  1578     06FC  01B9               	clrf	_D3
  1579     06FD                     l1042:
  1580                           
  1581                           ;main.c: 542:     fException2 = 1;
  1582     06FD  01B6               	clrf	_fException2
  1583     06FE  0AB6               	incf	_fException2,f
  1584                           
  1585                           ;main.c: 543:   } else {
  1586     06FF  2F02               	goto	l119
  1587     0700                     l117:
  1588                           
  1589                           ;main.c: 544:     PORTBbits.RB0 = 0;
  1590     0700  100D               	bcf	13,0	;volatile
  1591     0701                     l1044:
  1592                           
  1593                           ;main.c: 545:     fException2 = 0;
  1594     0701  01B6               	clrf	_fException2
  1595     0702                     l119:
  1596     0702  0008               	return
  1597     0703                     __end_of_Check_Input:
  1598     007E                     btemp	set	126	;btemp
  1599     007E                     wtemp0	set	126
  1600                           
  1601                           	psect	config
  1602                           
  1603                           ;Config register CONFIG1 @ 0x8007
  1604                           ;	Oscillator Selection
  1605                           ;	FOSC = INTOSC, INTOSC oscillator: I/O function on CLKIN pin
  1606                           ;	Watchdog Timer Enable
  1607                           ;	WDTE = OFF, WDT disabled
  1608                           ;	Power-up Timer Enable
  1609                           ;	PWRTE = OFF, PWRT disabled
  1610                           ;	MCLR Pin Function Select
  1611                           ;	MCLRE = OFF, MCLR/VPP pin function is digital input
  1612                           ;	Flash Program Memory Code Protection
  1613                           ;	CP = OFF, Program memory code protection is disabled
  1614                           ;	Data Memory Code Protection
  1615                           ;	CPD = ON, Data memory code protection is enabled
  1616                           ;	Brown-out Reset Enable
  1617                           ;	BOREN = ON, Brown-out Reset enabled
  1618                           ;	Clock Out Enable
  1619                           ;	CLKOUTEN = OFF, CLKOUT function is disabled. I/O or oscillator function on the CLKOUT 
      +                          pin
  1620                           ;	Internal/External Switchover
  1621                           ;	IESO = OFF, Internal/External Switchover mode is disabled
  1622                           ;	Fail-Safe Clock Monitor Enable
  1623                           ;	FCMEN = OFF, Fail-Safe Clock Monitor is disabled
  1624     8007                     	org	32775
  1625     8007  0EA4               	dw	3748
  1626                           
  1627                           ;Config register CONFIG2 @ 0x8008
  1628                           ;	Flash Memory Self-Write Protection
  1629                           ;	WRT = OFF, Write protection off
  1630                           ;	Voltage Regulator Capacitor Enable
  1631                           ;	VCAPEN = OFF, All VCAP pin functionality is disabled
  1632                           ;	PLL Enable
  1633                           ;	PLLEN = ON, 4x PLL enabled
  1634                           ;	Stack Overflow/Underflow Reset Enable
  1635                           ;	STVREN = ON, Stack Overflow or Underflow will cause a Reset
  1636                           ;	Brown-out Reset Voltage Selection
  1637                           ;	BORV = LO, Brown-out Reset Voltage (Vbor), low trip point selected.
  1638                           ;	Low-Voltage Programming Enable
  1639                           ;	LVP = OFF, High-voltage on MCLR/VPP must be used for programming
  1640     8008                     	org	32776
  1641     8008  1FFF               	dw	8191

Data Sizes:
    Strings     0
    Constant    0
    Data        68
    BSS         27
    Persistent  32
    Stack       0

Auto Spaces:
    Space          Size  Autos    Used
    COMMON           14     14      14
    BANK0            80      0      31
    BANK1            80      0      64
    BANK2            80      0       0
    BANK3            80      0       0
    BANK4            80      0       0
    BANK5            80      0       0
    BANK6            16      0       0

Pointer List with Targets:

    None.

Critical Paths under _main in COMMON

    _main->_PWM

Critical Paths under _main in BANK0

    None.

Critical Paths under _main in BANK1

    None.

Critical Paths under _main in BANK2

    None.

Critical Paths under _main in BANK3

    None.

Critical Paths under _main in BANK4

    None.

Critical Paths under _main in BANK5

    None.

Critical Paths under _main in BANK6

    None.

Call Graph Tables:

 ---------------------------------------------------------------------------------
 (Depth) Function   	        Calls       Base Space   Used Autos Params    Refs
 ---------------------------------------------------------------------------------
 (0) _main                                                 2     2      0     688
                                             12 COMMON     2     2      0
                        _Check_Input
                      _Hardware_Init
                                _PWM
 ---------------------------------------------------------------------------------
 (1) _PWM                                                 12    12      0     620
                                              0 COMMON    12    12      0
        _wait_for_pwm_cycle_complete
 ---------------------------------------------------------------------------------
 (2) _wait_for_pwm_cycle_complete                          0     0      0       0
 ---------------------------------------------------------------------------------
 (1) _Hardware_Init                                        2     2      0       0
                                              0 COMMON     2     2      0
 ---------------------------------------------------------------------------------
 (1) _Check_Input                                          0     0      0       0
 ---------------------------------------------------------------------------------
 Estimated maximum stack depth 2
 ---------------------------------------------------------------------------------

 Call Graph Graphs:

 _main (ROOT)
   _Check_Input
   _Hardware_Init
   _PWM
     _wait_for_pwm_cycle_complete

 Address spaces:
Name               Size   Autos  Total    Cost      Usage
BIGRAM             1F0      0       0       0        0.0%
EEDATA             100      0       0       0        0.0%
NULL                 0      0       0       0        0.0%
CODE                 0      0       0       0        0.0%
BITCOMMON            E      0       0       1        0.0%
BITSFR0              0      0       0       1        0.0%
SFR0                 0      0       0       1        0.0%
COMMON               E      E       E       2      100.0%
BITSFR1              0      0       0       2        0.0%
SFR1                 0      0       0       2        0.0%
BITSFR2              0      0       0       3        0.0%
SFR2                 0      0       0       3        0.0%
STACK                0      0       0       3        0.0%
BITSFR3              0      0       0       4        0.0%
SFR3                 0      0       0       4        0.0%
ABS                  0      0      6D       4        0.0%
BITBANK0            50      0       0       5        0.0%
BITSFR4              0      0       0       5        0.0%
SFR4                 0      0       0       5        0.0%
BANK0               50      0      1F       6       38.8%
BITSFR5              0      0       0       6        0.0%
SFR5                 0      0       0       6        0.0%
BITBANK1            50      0       0       7        0.0%
BITSFR6              0      0       0       7        0.0%
SFR6                 0      0       0       7        0.0%
BANK1               50      0      40       8       80.0%
BITSFR7              0      0       0       8        0.0%
SFR7                 0      0       0       8        0.0%
BITBANK2            50      0       0       9        0.0%
BITSFR8              0      0       0       9        0.0%
SFR8                 0      0       0       9        0.0%
BANK2               50      0       0      10        0.0%
BITSFR9              0      0       0      10        0.0%
SFR9                 0      0       0      10        0.0%
BITBANK3            50      0       0      11        0.0%
BITSFR10             0      0       0      11        0.0%
SFR10                0      0       0      11        0.0%
BANK3               50      0       0      12        0.0%
BITSFR11             0      0       0      12        0.0%
SFR11                0      0       0      12        0.0%
BITBANK4            50      0       0      13        0.0%
BITSFR12             0      0       0      13        0.0%
SFR12                0      0       0      13        0.0%
BANK4               50      0       0      14        0.0%
BITSFR13             0      0       0      14        0.0%
SFR13                0      0       0      14        0.0%
BITBANK5            50      0       0      15        0.0%
BITSFR14             0      0       0      15        0.0%
SFR14                0      0       0      15        0.0%
BANK5               50      0       0      16        0.0%
BITSFR15             0      0       0      16        0.0%
SFR15                0      0       0      16        0.0%
BITBANK6            10      0       0      17        0.0%
BITSFR16             0      0       0      17        0.0%
SFR16                0      0       0      17        0.0%
BANK6               10      0       0      18        0.0%
BITSFR17             0      0       0      18        0.0%
SFR17                0      0       0      18        0.0%
BITSFR18             0      0       0      19        0.0%
SFR18                0      0       0      19        0.0%
DATA                 0      0      6D      19        0.0%
BITSFR19             0      0       0      20        0.0%
SFR19                0      0       0      20        0.0%
BITSFR20             0      0       0      21        0.0%
SFR20                0      0       0      21        0.0%
BITSFR21             0      0       0      22        0.0%
SFR21                0      0       0      22        0.0%
BITSFR22             0      0       0      23        0.0%
SFR22                0      0       0      23        0.0%
BITSFR23             0      0       0      24        0.0%
SFR23                0      0       0      24        0.0%
BITSFR24             0      0       0      25        0.0%
SFR24                0      0       0      25        0.0%
BITSFR25             0      0       0      26        0.0%
SFR25                0      0       0      26        0.0%
BITSFR26             0      0       0      27        0.0%
SFR26                0      0       0      27        0.0%
BITSFR27             0      0       0      28        0.0%
SFR27                0      0       0      28        0.0%
BITSFR28             0      0       0      29        0.0%
SFR28                0      0       0      29        0.0%
BITSFR29             0      0       0      30        0.0%
SFR29                0      0       0      30        0.0%
BITSFR30             0      0       0      31        0.0%
SFR30                0      0       0      31        0.0%
BITSFR31             0      0       0      32        0.0%
SFR31                0      0       0      32        0.0%


Microchip Technology PIC Macro Assembler V2.46 build 20240104201356 
Symbol Table                                                                                   Tue Feb 10 09:48:20 2026

                                  _a 0034                                    _b 0033  
                                 _D2 003A                                   _D3 0039  
                                 l90 0638                                   _CS 00A0  
                                 l86 0632                                  l101 07DC  
                                l110 06D2                                  l111 06DA  
                                l112 06DD                                  l104 0677  
                                l113 06E5                                  l114 06E8  
                                l115 06F3                                  l107 06C4  
                                l108 06C7                                  l117 0700  
                                l109 06CF                                  l119 0702  
                                l920 0637                                  l930 076D  
                                l922 0754                                  l940 079A  
                                l932 0776                                  l924 075E  
                                l950 07A1                                  l942 079D  
                                l934 077F                                  l926 0761  
                                l960 07C1                                  l952 07AA  
                                l944 07A0                                  l936 0788  
                                l928 0764                                  l970 07CC  
                                l962 07C5                                  l954 07B1  
                                l938 0791                                  l980 063E  
                                l972 07CF                                  l964 07CB  
                                l956 07B7                                  l990 064B  
                                l982 0640                                  l974 07D2  
                                l958 07BA                                  l992 064D  
                                l984 0645                                  l976 07D6  
                                l994 064F                                  l986 0647  
                                l978 0639                                  l996 0654  
                                l988 0649                                  l998 0656  
                                u210 0637                                  u211 0636  
                                u300 07CB                                  u220 075B  
                                u301 07CA                                  u310 07DC  
                                u311 07DB                                  u320 06C0  
                                u400 0745                                  u321 06BF  
                                u401 0744                                  u330 06CB  
                                u331 06CA                                  u235 0767  
                                u340 06D6                                  u341 06D5  
                                u245 0770                                  u350 06E1  
                                _PR2 001B                                  u351 06E0  
                                u255 0779                                  u360 06EC  
                                u361 06EB                                  u265 0782  
                                u417 074B                                  u370 06F9  
                                u290 07AA                                  u371 06F8  
                                u427 0661                                  u291 07A9  
                                u275 078B                                  u380 0722  
                                u285 0794                                  u381 0721  
                                u390 0730                                  u391 072F  
                                _PWM 0753                                  wreg 0009  
__end_of_wait_for_pwm_cycle_complete 0639          _wait_for_pwm_cycle_complete 0632  
                               ?_PWM 0070                                 l1000 0658  
                               l1010 0676                                 l1002 065A  
                               l1020 06D6                                 l1012 06B8  
                               l1004 066B                                 l1030 06F0  
                               l1022 06E1                                 l1014 06BC  
                               l1006 0673                                 l1040 06FC  
                               l1032 06F4                                 l1024 06EC  
                               l1016 06C0                                 l1008 0675  
                               l1042 06FD                                 l1034 06F5  
                               l1026 06ED                                 l1018 06CB  
                               l1050 0709                                 l1044 0701  
                               l1036 06F9                                 l1028 06EF  
                               l1060 070F                                 l1052 070B  
                               l1038 06FA                                 l1070 0715  
                               l1062 0710                                 l1054 070C  
                               l1046 0703                                 l1080 0730  
                               l1072 071D                                 l1064 0711  
                               l1056 070D                                 l1048 0706  
                               l1090 073B                                 l1082 0732  
                               l1074 0722                                 l1066 0712  
                               l1058 070E                                 l1092 073F  
                               l1076 0725                                 l1068 0713  
                               l1094 0745                                 l1078 072B  
                               l1096 074F                                 l1088 0733  
                               PWM@i 007A                                 _LATA 010C  
                               _LATB 010D                                 _LATC 010E  
                               _LATE 0110                                 _main 0703  
                               fsr0h 0005                                 fsr1h 0007  
                               indf0 0000                                 fsr0l 0004  
                               indf1 0001                                 fsr1l 0006  
                               btemp 007E                                 start 0002  
                              ??_PWM 0070                          _Check_Input 06B8  
                              ?_main 0070                                _PORTA 000C  
                              _PORTB 000D                                _PORTC 000E  
                              _PORTE 0010                                _TRISA 008C  
                              _TRISB 008D                                _TRISC 008E  
                              _TRISE 0090                                main@i 007D  
                              status 0003                                wtemp0 007E  
                    __initialization 07DD                         __end_of_main 0753  
                             ??_main 007C                               PWM@num 007B  
                             _CCPR3L 0311                               _ANSELA 018C  
                             _ANSELB 018D                               _OSCCON 0099  
                             _TMR2IF 0089                               _TMR2ON 00E2  
                             _data48 003B                               _csFlag 0038  
                         _fException 0037              __end_of__initialization 07FD  
              __end_of_Hardware_Init 0678                       __pcstackCOMMON 0070  
                       __pidataBANK0 0622                         __pidataBANK1 0678  
                         __pbssBANK0 0020                           __pmaintext 0703  
                            PWM@Dbit 0071                              _CCP3CON 0313  
                       ?_Check_Input 0070                              _CCP3SEL 08EE  
                            _T2CKPS0 00E0                              _T2CKPS1 00E1  
                         _flamp_left 0035                              _OSCTUNE 0098  
                            __ptext1 0753                              __ptext2 0632  
                            __ptext3 0639                              __ptext4 06B8  
                            _tx_Data 0020                              clrloop0 0627  
               end_of_initialization 07FD                              init_ram 062C  
                            initloop 062D                          _fException2 0036  
                          _PORTAbits 000C                            _PORTBbits 000D  
                          _PORTCbits 000E                  start_initialization 07DD  
                        __end_of_PWM 07DD         ?_wait_for_pwm_cycle_complete 0070  
                        __pdataBANK0 003B                          __pdataBANK1 00A0  
                          ___latbits 0002        ??_wait_for_pwm_cycle_complete 0070  
                           PWM@F2777 002B                             PWM@i_204 0079  
                          clear_ram0 0626                        _Hardware_Init 0639  
                     ?_Hardware_Init 0070                        ??_Check_Input 0070  
                    ??_Hardware_Init 0070                  __end_of_Check_Input 0703  
